app/build/outputs/logs/manifest-merger-debug-report.txt
-- Merging decision tree log ---
manifest
ADDED from src\main\AndroidManifest.xml:2:1-92:12
	package
		ADDED from src\main\AndroidManifest.xml:3:5-29
		INJECTED from src\main\AndroidManifest.xml
		INJECTED from src\main\AndroidManifest.xml
	android:versionName
		ADDED from src\main\AndroidManifest.xml:5:5-30
		INJECTED from src\main\AndroidManifest.xml
		INJECTED from src\main\AndroidManifest.xml
	android:versionCode
		ADDED from src\main\AndroidManifest.xml:4:5-28
		INJECTED from src\main\AndroidManifest.xml
		INJECTED from src\main\AndroidManifest.xml
	xmlns:android
		ADDED from src\main\AndroidManifest.xml:2:11-69
uses-sdk
ADDED from src\main\AndroidManifest.xml:7:5-9:41
	android:targetSdkVersion
		ADDED from src\main\AndroidManifest.xml:9:9-38
		INJECTED from src\main\AndroidManifest.xml
		INJECTED from src\main\AndroidManifest.xml
	android:minSdkVersion
		ADDED from src\main\AndroidManifest.xml:8:9-35
		INJECTED from src\main\AndroidManifest.xml
		INJECTED from src\main\AndroidManifest.xml
application
ADDED from src\main\AndroidManifest.xml:11:5-91:19
	android:label
		ADDED from src\main\AndroidManifest.xml:13:9-41
	android:allowBackup
		ADDED from src\main\AndroidManifest.xml:14:9-35
	android:icon
		ADDED from src\main\AndroidManifest.xml:12:9-40
activity#de.laborabakus.HauptmenueActivity
ADDED from src\main\AndroidManifest.xml:16:9-24:20
	android:label
		ADDED from src\main\AndroidManifest.xml:18:13-45
	android:name
		ADDED from src\main\AndroidManifest.xml:17:13-47
intent-filter#android.intent.action.MAIN+android.intent.category.LAUNCHER
ADDED from src\main\AndroidManifest.xml:20:13-23:29
action#android.intent.action.MAIN
ADDED from src\main\AndroidManifest.xml:21:17-68
	android:name
		ADDED from src\main\AndroidManifest.xml:21:25-66
category#android.intent.category.LAUNCHER
ADDED from src\main\AndroidManifest.xml:22:17-76
	android:name
		ADDED from src\main\AndroidManifest.xml:22:27-74
activity#de.laborabakus.HilfeActivity
ADDED from src\main\AndroidManifest.xml:26:9-28:20
	android:windowSoftInputMode
		ADDED from src\main\AndroidManifest.xml:27:42-83
	android:name
		ADDED from src\main\AndroidManifest.xml:27:13-41
activity#de.laborabakus.EinstellungenActivity
ADDED from src\main\AndroidManifest.xml:30:9-32:20
	android:windowSoftInputMode
		ADDED from src\main\AndroidManifest.xml:31:50-91
	android:name
		ADDED from src\main\AndroidManifest.xml:31:13-49
activity#de.laborabakus.EinwaageActivity
ADDED from src\main\AndroidManifest.xml:34:9-36:20
	android:windowSoftInputMode
		ADDED from src\main\AndroidManifest.xml:35:45-87
	android:name
		ADDED from src\main\AndroidManifest.xml:35:13-44
activity#de.laborabakus.RueckwaagenActivity
ADDED from src\main\AndroidManifest.xml:38:9-40:20
	android:windowSoftInputMode
		ADDED from src\main\AndroidManifest.xml:39:48-90
	android:name
		ADDED from src\main\AndroidManifest.xml:39:13-47
activity#de.laborabakus.BerechnungRueckwaageActivity
ADDED from src\main\AndroidManifest.xml:42:9-44:20
	android:windowSoftInputMode
		ADDED from src\main\AndroidManifest.xml:43:57-98
	android:name
		ADDED from src\main\AndroidManifest.xml:43:13-56
activity#de.laborabakus.TiterEingabenActivity
ADDED from src\main\AndroidManifest.xml:46:9-48:20
	android:windowSoftInputMode
		ADDED from src\main\AndroidManifest.xml:47:50-92
	android:name
		ADDED from src\main\AndroidManifest.xml:47:13-49
activity#de.laborabakus.VolumetrieActivity
ADDED from src\main\AndroidManifest.xml:50:9-52:20
	android:windowSoftInputMode
		ADDED from src\main\AndroidManifest.xml:51:47-89
	android:name
		ADDED from src\main\AndroidManifest.xml:51:13-46
activity#de.laborabakus.VolumetrieBWActivity
ADDED from src\main\AndroidManifest.xml:54:9-56:20
	android:windowSoftInputMode
		ADDED from src\main\AndroidManifest.xml:55:49-91
	android:name
		ADDED from src\main\AndroidManifest.xml:55:13-48
activity#de.laborabakus.VolumetrieVorlageActivity
ADDED from src\main\AndroidManifest.xml:58:9-60:20
	android:windowSoftInputMode
		ADDED from src\main\AndroidManifest.xml:59:54-96
	android:name
		ADDED from src\main\AndroidManifest.xml:59:13-53
activity#de.laborabakus.Einstellungen_Gravi_Activity
ADDED from src\main\AndroidManifest.xml:62:9-64:20
	android:windowSoftInputMode
		ADDED from src\main\AndroidManifest.xml:63:57-98
	android:name
		ADDED from src\main\AndroidManifest.xml:63:13-56
activity#de.laborabakus.FaktorActivity
ADDED from src\main\AndroidManifest.xml:66:9-68:20
	android:windowSoftInputMode
		ADDED from src\main\AndroidManifest.xml:67:43-85
	android:name
		ADDED from src\main\AndroidManifest.xml:67:13-42
activity#de.laborabakus.MolmassenActivity
ADDED from src\main\AndroidManifest.xml:70:9-72:20
	android:windowSoftInputMode
		ADDED from src\main\AndroidManifest.xml:71:46-87
	android:name
		ADDED from src\main\AndroidManifest.xml:71:13-45
activity#de.laborabakus.GleichungActivity
ADDED from src\main\AndroidManifest.xml:74:9-76:20
	android:windowSoftInputMode
		ADDED from src\main\AndroidManifest.xml:75:46-87
	android:name
		ADDED from src\main\AndroidManifest.xml:75:13-45
activity#de.laborabakus.MolaritaetActivity
ADDED from src\main\AndroidManifest.xml:78:9-80:20
	android:windowSoftInputMode
		ADDED from src\main\AndroidManifest.xml:79:47-89
	android:name
		ADDED from src\main\AndroidManifest.xml:79:13-46
activity#de.laborabakus.ErneuteRwActivity
ADDED from src\main\AndroidManifest.xml:82:9-84:20
	android:windowSoftInputMode
		ADDED from src\main\AndroidManifest.xml:83:46-87
	android:name
		ADDED from src\main\AndroidManifest.xml:83:13-45
activity#de.laborabakus.ImpressumActivity
ADDED from src\main\AndroidManifest.xml:86:9-88:20
	android:name
		ADDED from src\main\AndroidManifest.xml:87:13-45